2024-11-05 13:29:26,212 - INFO - Metrics: {'accuracy': 0.9333333333333333, 'precision': 0.0, 'recall': 0, 'f1_score': 0, 'true_positives': 0, 'true_negatives': 28, 'false_positives': 2, 'false_negatives': 0, 'moving_averages': {'avg_accuracy': np.float64(0.7670008579386406), 'avg_precision': np.float64(0.0), 'avg_recall': np.float64(0.0), 'avg_f1': np.float64(0.0)}, 'performance': {'frame_processing_time': '8.3000ms', 'preprocessing_time': '2.3089ms', 'detection_time': '5.1070ms', 'total_frames': 30, 'fps': '83.62'}}
2024-11-05 13:29:27,216 - INFO - Metrics: {'accuracy': 0.8, 'precision': 0.0, 'recall': 0, 'f1_score': 0, 'true_positives': 0, 'true_negatives': 48, 'false_positives': 12, 'false_negatives': 0, 'moving_averages': {'avg_accuracy': np.float64(0.8411517722331868), 'avg_precision': np.float64(0.0), 'avg_recall': np.float64(0.0), 'avg_f1': np.float64(0.0)}, 'performance': {'frame_processing_time': '7.2684ms', 'preprocessing_time': '2.3159ms', 'detection_time': '4.3488ms', 'total_frames': 60, 'fps': '125.31'}}
2024-11-05 13:29:28,209 - INFO - Metrics: {'accuracy': 0.8666666666666667, 'precision': 0.0, 'recall': 0, 'f1_score': 0, 'true_positives': 0, 'true_negatives': 78, 'false_positives': 12, 'false_negatives': 0, 'moving_averages': {'avg_accuracy': np.float64(0.8404078228358874), 'avg_precision': np.float64(0.0), 'avg_recall': np.float64(0.0), 'avg_f1': np.float64(0.0)}, 'performance': {'frame_processing_time': '7.3487ms', 'preprocessing_time': '2.4601ms', 'detection_time': '4.1548ms', 'total_frames': 90, 'fps': '135.24'}}
2024-11-05 13:29:29,218 - INFO - Metrics: {'accuracy': 0.6666666666666666, 'precision': 0.0, 'recall': 0, 'f1_score': 0, 'true_positives': 0, 'true_negatives': 80, 'false_positives': 40, 'false_negatives': 0, 'moving_averages': {'avg_accuracy': np.float64(0.8472500911891858), 'avg_precision': np.float64(0.0), 'avg_recall': np.float64(0.0), 'avg_f1': np.float64(0.0)}, 'performance': {'frame_processing_time': '7.5406ms', 'preprocessing_time': '2.3314ms', 'detection_time': '4.6166ms', 'total_frames': 120, 'fps': '128.93'}}
2024-11-05 13:29:30,209 - INFO - Metrics: {'accuracy': 0.5333333333333333, 'precision': 0.0, 'recall': 0, 'f1_score': 0, 'true_positives': 0, 'true_negatives': 80, 'false_positives': 70, 'false_negatives': 0, 'moving_averages': {'avg_accuracy': np.float64(0.7435333274779409), 'avg_precision': np.float64(0.0), 'avg_recall': np.float64(0.0), 'avg_f1': np.float64(0.0)}, 'performance': {'frame_processing_time': '7.4235ms', 'preprocessing_time': '2.3203ms', 'detection_time': '4.5134ms', 'total_frames': 150, 'fps': '127.56'}}
2024-11-05 13:29:31,226 - INFO - Metrics: {'accuracy': 0.4444444444444444, 'precision': 0.0, 'recall': 0, 'f1_score': 0, 'true_positives': 0, 'true_negatives': 80, 'false_positives': 100, 'false_negatives': 0, 'moving_averages': {'avg_accuracy': np.float64(0.6381408459917361), 'avg_precision': np.float64(0.0), 'avg_recall': np.float64(0.0), 'avg_f1': np.float64(0.0)}, 'performance': {'frame_processing_time': '7.1541ms', 'preprocessing_time': '2.3615ms', 'detection_time': '4.2535ms', 'total_frames': 180, 'fps': '127.73'}}
2024-11-05 13:29:32,214 - INFO - Metrics: {'accuracy': 0.38095238095238093, 'precision': 0.0, 'recall': 0, 'f1_score': 0, 'true_positives': 0, 'true_negatives': 80, 'false_positives': 130, 'false_negatives': 0, 'moving_averages': {'avg_accuracy': np.float64(0.5155741280924115), 'avg_precision': np.float64(0.0), 'avg_recall': np.float64(0.0), 'avg_f1': np.float64(0.0)}, 'performance': {'frame_processing_time': '7.3908ms', 'preprocessing_time': '2.3581ms', 'detection_time': '4.4455ms', 'total_frames': 210, 'fps': '130.08'}}
2024-11-05 13:29:33,224 - INFO - Metrics: {'accuracy': 0.37916666666666665, 'precision': 0.0, 'recall': 0, 'f1_score': 0, 'true_positives': 0, 'true_negatives': 91, 'false_positives': 149, 'false_negatives': 0, 'moving_averages': {'avg_accuracy': np.float64(0.4356497221773478), 'avg_precision': np.float64(0.0), 'avg_recall': np.float64(0.0), 'avg_f1': np.float64(0.0)}, 'performance': {'frame_processing_time': '7.3142ms', 'preprocessing_time': '2.2441ms', 'detection_time': '4.5068ms', 'total_frames': 240, 'fps': '134.51'}}
2024-11-05 13:29:35,464 - INFO - Final Performance Metrics:
2024-11-05 13:29:35,465 - INFO - {
  "accuracy": 0.3053691275167785,
  "precision": 0.0,
  "recall": 0,
  "f1_score": 0,
  "true_positives": 0,
  "true_negatives": 91,
  "false_positives": 207,
  "false_negatives": 0,
  "moving_averages": {
    "avg_accuracy": 0.35579040309737187,
    "avg_precision": 0.0,
    "avg_recall": 0.0,
    "avg_f1": 0.0
  },
  "performance": {
    "frame_processing_time": "7.3355ms",
    "preprocessing_time": "2.0398ms",
    "detection_time": "4.6855ms",
    "total_frames": 298,
    "fps": "126.41"
  }
}
